<?xml version="1.0" encoding="UTF-8"?>
<!-- Generated by org.testng.reporters.JUnitXMLReporter -->
<testsuite ignored="0" hostname="Pravallika" failures="0" tests="3" name="LoginTest" time="23.626" errors="0" timestamp="2026-05-22T14:24:08 IST">
  <testcase classname="runners.LoginTest" name="emptyFieldsTest" time="4.624"/>
  <testcase classname="runners.LoginTest" name="invalidLoginTest" time="5.736"/>
  <testcase classname="runners.LoginTest" name="validLoginTest" time="4.78"/>
</testsuite> <!-- LoginTest -->
