<?xml version="1.0" encoding="UTF-8"?>
<testng-results ignored="0" total="3" passed="3" failed="0" skipped="0">
  <reporter-output>
  </reporter-output>
  <suite started-at="2026-05-22T14:23:44 IST" name="LoginTestSuite" finished-at="2026-05-22T14:24:08 IST" duration-ms="23626">
    <groups>
    </groups>
    <test started-at="2026-05-22T14:23:44 IST" name="LoginTest" finished-at="2026-05-22T14:24:08 IST" duration-ms="23626">
      <class name="runners.LoginTest">
        <test-method is-config="true" signature="setUp()[pri:0, instance:runners.LoginTest@c33b74f]" started-at="2026-05-22T14:23:44 IST" name="setUp" finished-at="2026-05-22T14:23:48 IST" duration-ms="3691" status="PASS">
          <reporter-output>
          </reporter-output>
        </test-method> <!-- setUp -->
        <test-method signature="emptyFieldsTest()[pri:0, instance:runners.LoginTest@c33b74f]" started-at="2026-05-22T14:23:48 IST" name="emptyFieldsTest" finished-at="2026-05-22T14:23:52 IST" duration-ms="4624" status="PASS">
          <reporter-output>
          </reporter-output>
        </test-method> <!-- emptyFieldsTest -->
        <test-method is-config="true" signature="tearDown()[pri:0, instance:runners.LoginTest@c33b74f]" started-at="2026-05-22T14:23:52 IST" name="tearDown" finished-at="2026-05-22T14:23:53 IST" duration-ms="249" status="PASS">
          <reporter-output>
          </reporter-output>
        </test-method> <!-- tearDown -->
        <test-method is-config="true" signature="setUp()[pri:0, instance:runners.LoginTest@c33b74f]" started-at="2026-05-22T14:23:53 IST" name="setUp" finished-at="2026-05-22T14:23:55 IST" duration-ms="2015" status="PASS">
          <reporter-output>
          </reporter-output>
        </test-method> <!-- setUp -->
        <test-method signature="invalidLoginTest()[pri:0, instance:runners.LoginTest@c33b74f]" started-at="2026-05-22T14:23:55 IST" name="invalidLoginTest" finished-at="2026-05-22T14:24:00 IST" duration-ms="5736" status="PASS">
          <reporter-output>
          </reporter-output>
        </test-method> <!-- invalidLoginTest -->
        <test-method is-config="true" signature="tearDown()[pri:0, instance:runners.LoginTest@c33b74f]" started-at="2026-05-22T14:24:00 IST" name="tearDown" finished-at="2026-05-22T14:24:01 IST" duration-ms="196" status="PASS">
          <reporter-output>
          </reporter-output>
        </test-method> <!-- tearDown -->
        <test-method is-config="true" signature="setUp()[pri:0, instance:runners.LoginTest@c33b74f]" started-at="2026-05-22T14:24:01 IST" name="setUp" finished-at="2026-05-22T14:24:03 IST" duration-ms="2045" status="PASS">
          <reporter-output>
          </reporter-output>
        </test-method> <!-- setUp -->
        <test-method signature="validLoginTest()[pri:0, instance:runners.LoginTest@c33b74f]" started-at="2026-05-22T14:24:03 IST" name="validLoginTest" finished-at="2026-05-22T14:24:07 IST" duration-ms="4780" status="PASS">
          <reporter-output>
          </reporter-output>
        </test-method> <!-- validLoginTest -->
        <test-method is-config="true" signature="tearDown()[pri:0, instance:runners.LoginTest@c33b74f]" started-at="2026-05-22T14:24:07 IST" name="tearDown" finished-at="2026-05-22T14:24:08 IST" duration-ms="216" status="PASS">
          <reporter-output>
          </reporter-output>
        </test-method> <!-- tearDown -->
      </class> <!-- runners.LoginTest -->
    </test> <!-- LoginTest -->
  </suite> <!-- LoginTestSuite -->
</testng-results>
