<?xml version="1.0" encoding="UTF-8"?>
<!-- Generated by org.testng.reporters.JUnitReportReporter -->
<testsuite hostname="Pravallika" failures="0" tests="3" name="runners.LoginTest" time="23.552" errors="0" timestamp="2026-05-22T14:24:08 IST" skipped="0">
  <testcase classname="runners.LoginTest" name="emptyFieldsTest" time="8.564"/>
  <testcase classname="runners.LoginTest" name="invalidLoginTest" time="7.997"/>
  <testcase classname="runners.LoginTest" name="validLoginTest" time="6.991"/>
</testsuite> <!-- runners.LoginTest -->
